#
# There is insufficient memory for the Java Runtime Environment to continue.
# Native memory allocation (malloc) failed to allocate 536870912 bytes for committing reserved memory.
# Possible reasons:
#   The system is out of physical RAM or swap space
#   In 32 bit mode, the process size limit was hit
# Possible solutions:
#   Reduce memory load on the system
#   Increase physical memory or swap space
#   Check if swap backing store is full
#   Use 64 bit Java on a 64 bit OS
#   Decrease Java heap size (-Xmx/-Xms)
#   Decrease number of Java threads
#   Decrease Java thread stack sizes (-Xss)
#   Set larger code cache with -XX:ReservedCodeCacheSize=
# This output file may be truncated or incomplete.
#
#  Out of Memory Error (os_linux.cpp:2809), pid=3870, tid=3064003392
#
# JRE version:  (7.0_79-b14) (build )
# Java VM: OpenJDK Client VM (24.79-b02 mixed mode, sharing linux-x86 )
# Derivative: IcedTea 2.5.5
# Distribution: Ubuntu 14.04 LTS, package 7u79-2.5.5-0ubuntu0.14.04.2
# Failed to write core dump. Core dumps have been disabled. To enable core dumping, try "ulimit -c unlimited" before starting Java again
#

---------------  T H R E A D  ---------------

Current thread (0xb6807c00):  JavaThread "Unknown thread" [_thread_in_vm, id=3904, stack(0xb69bf000,0xb6a10000)]

Stack: [0xb69bf000,0xb6a10000]

---------------  P R O C E S S  ---------------

Java Threads: ( => current thread )

Other Threads:

=>0xb6807c00 (exited) JavaThread "Unknown thread" [_thread_in_vm, id=3904, stack(0xb69bf000,0xb6a10000)]

VM state:not at safepoint (not fully initialized)

VM Mutex/Monitor currently owned by a thread: None

GC Heap History (0 events):
No events

Deoptimization events (0 events):
No events

Internal exceptions (0 events):
No events

Events (0 events):
No events


Dynamic libraries:
08048000-08049000 r-xp 00000000 08:01 262156     /usr/lib/jvm/java-7-openjdk-i386/jre/bin/java
08049000-0804a000 r--p 00000000 08:01 262156     /usr/lib/jvm/java-7-openjdk-i386/jre/bin/java
0804a000-0804b000 rw-p 00001000 08:01 262156     /usr/lib/jvm/java-7-openjdk-i386/jre/bin/java
09468000-09489000 rw-p 00000000 00:00 0          [heap]
4a800000-94600000 rw-p 00000000 00:00 0 
b4434000-b477f000 rw-p 00000000 00:00 0 
b477f000-b4781000 rw-p 00000000 00:00 0 
b4781000-b4800000 rw-p 00000000 00:00 0 
b4800000-b4828000 rwxp 00000000 00:00 0 
b4828000-b6821000 rw-p 00000000 00:00 0 
b6821000-b6900000 ---p 00000000 00:00 0 
b6930000-b6938000 r-xp 00000000 08:01 262197     /usr/lib/jvm/java-7-openjdk-i386/jre/lib/i386/libzip.so
b6938000-b6939000 r--p 00007000 08:01 262197     /usr/lib/jvm/java-7-openjdk-i386/jre/lib/i386/libzip.so
b6939000-b693a000 rw-p 00008000 08:01 262197     /usr/lib/jvm/java-7-openjdk-i386/jre/lib/i386/libzip.so
b693a000-b6945000 r-xp 00000000 08:01 3254       /lib/i386-linux-gnu/libnss_files-2.19.so
b6945000-b6946000 r--p 0000a000 08:01 3254       /lib/i386-linux-gnu/libnss_files-2.19.so
b6946000-b6947000 rw-p 0000b000 08:01 3254       /lib/i386-linux-gnu/libnss_files-2.19.so
b6947000-b6951000 r-xp 00000000 08:01 3165       /lib/i386-linux-gnu/libnss_nis-2.19.so
b6951000-b6952000 r--p 00009000 08:01 3165       /lib/i386-linux-gnu/libnss_nis-2.19.so
b6952000-b6953000 rw-p 0000a000 08:01 3165       /lib/i386-linux-gnu/libnss_nis-2.19.so
b6953000-b6968000 r-xp 00000000 08:01 3230       /lib/i386-linux-gnu/libnsl-2.19.so
b6968000-b6969000 r--p 00015000 08:01 3230       /lib/i386-linux-gnu/libnsl-2.19.so
b6969000-b696a000 rw-p 00016000 08:01 3230       /lib/i386-linux-gnu/libnsl-2.19.so
b696a000-b696c000 rw-p 00000000 00:00 0 
b696c000-b6973000 r-xp 00000000 08:01 3110       /lib/i386-linux-gnu/libnss_compat-2.19.so
b6973000-b6974000 r--p 00006000 08:01 3110       /lib/i386-linux-gnu/libnss_compat-2.19.so
b6974000-b6975000 rw-p 00007000 08:01 3110       /lib/i386-linux-gnu/libnss_compat-2.19.so
b6975000-b697d000 rw-s 00000000 08:01 394447     /tmp/hsperfdata_vagrant/3870
b697d000-b69a4000 r-xp 00000000 08:01 262192     /usr/lib/jvm/java-7-openjdk-i386/jre/lib/i386/libjava.so
b69a4000-b69a5000 r--p 00026000 08:01 262192     /usr/lib/jvm/java-7-openjdk-i386/jre/lib/i386/libjava.so
b69a5000-b69a6000 rw-p 00027000 08:01 262192     /usr/lib/jvm/java-7-openjdk-i386/jre/lib/i386/libjava.so
b69a6000-b69b4000 r-xp 00000000 08:01 262218     /usr/lib/jvm/java-7-openjdk-i386/jre/lib/i386/libverify.so
b69b4000-b69b5000 r--p 0000d000 08:01 262218     /usr/lib/jvm/java-7-openjdk-i386/jre/lib/i386/libverify.so
b69b5000-b69b6000 rw-p 0000e000 08:01 262218     /usr/lib/jvm/java-7-openjdk-i386/jre/lib/i386/libverify.so
b69b6000-b69bd000 r-xp 00000000 08:01 3176       /lib/i386-linux-gnu/librt-2.19.so
b69bd000-b69be000 r--p 00006000 08:01 3176       /lib/i386-linux-gnu/librt-2.19.so
b69be000-b69bf000 rw-p 00007000 08:01 3176       /lib/i386-linux-gnu/librt-2.19.so
b69bf000-b69c2000 ---p 00000000 00:00 0 
b69c2000-b6a10000 rw-p 00000000 00:00 0          [stack:3904]
b6a10000-b6a2c000 r-xp 00000000 08:01 3291       /lib/i386-linux-gnu/libgcc_s.so.1
b6a2c000-b6a2d000 rw-p 0001b000 08:01 3291       /lib/i386-linux-gnu/libgcc_s.so.1
b6a2d000-b6a71000 r-xp 00000000 08:01 3242       /lib/i386-linux-gnu/libm-2.19.so
b6a71000-b6a72000 r--p 00043000 08:01 3242       /lib/i386-linux-gnu/libm-2.19.so
b6a72000-b6a73000 rw-p 00044000 08:01 3242       /lib/i386-linux-gnu/libm-2.19.so
b6a73000-b6b4f000 r-xp 00000000 08:01 29770      /usr/lib/i386-linux-gnu/libstdc++.so.6.0.19
b6b4f000-b6b50000 ---p 000dc000 08:01 29770      /usr/lib/i386-linux-gnu/libstdc++.so.6.0.19
b6b50000-b6b54000 r--p 000dc000 08:01 29770      /usr/lib/i386-linux-gnu/libstdc++.so.6.0.19
b6b54000-b6b55000 rw-p 000e0000 08:01 29770      /usr/lib/i386-linux-gnu/libstdc++.so.6.0.19
b6b55000-b6b5c000 rw-p 00000000 00:00 0 
b6b5c000-b7186000 r-xp 00000000 08:01 262208     /usr/lib/jvm/java-7-openjdk-i386/jre/lib/i386/client/libjvm.so
b7186000-b7187000 ---p 0062a000 08:01 262208     /usr/lib/jvm/java-7-openjdk-i386/jre/lib/i386/client/libjvm.so
b7187000-b719d000 r--p 0062a000 08:01 262208     /usr/lib/jvm/java-7-openjdk-i386/jre/lib/i386/client/libjvm.so
b719d000-b71ac000 rw-p 00640000 08:01 262208     /usr/lib/jvm/java-7-openjdk-i386/jre/lib/i386/client/libjvm.so
b71ac000-b75c7000 rw-p 00000000 00:00 0 
b75c7000-b75df000 r-xp 00000000 08:01 3099       /lib/i386-linux-gnu/libz.so.1.2.8
b75df000-b75e0000 r--p 00017000 08:01 3099       /lib/i386-linux-gnu/libz.so.1.2.8
b75e0000-b75e1000 rw-p 00018000 08:01 3099       /lib/i386-linux-gnu/libz.so.1.2.8
b75e1000-b75f9000 r-xp 00000000 08:01 3121       /lib/i386-linux-gnu/libpthread-2.19.so
b75f9000-b75fa000 r--p 00018000 08:01 3121       /lib/i386-linux-gnu/libpthread-2.19.so
b75fa000-b75fb000 rw-p 00019000 08:01 3121       /lib/i386-linux-gnu/libpthread-2.19.so
b75fb000-b75fd000 rw-p 00000000 00:00 0 
b75fd000-b7600000 r-xp 00000000 08:01 3171       /lib/i386-linux-gnu/libdl-2.19.so
b7600000-b7601000 r--p 00002000 08:01 3171       /lib/i386-linux-gnu/libdl-2.19.so
b7601000-b7602000 rw-p 00003000 08:01 3171       /lib/i386-linux-gnu/libdl-2.19.so
b7602000-b77aa000 r-xp 00000000 08:01 3148       /lib/i386-linux-gnu/libc-2.19.so
b77aa000-b77ac000 r--p 001a8000 08:01 3148       /lib/i386-linux-gnu/libc-2.19.so
b77ac000-b77ad000 rw-p 001aa000 08:01 3148       /lib/i386-linux-gnu/libc-2.19.so
b77ad000-b77b0000 rw-p 00000000 00:00 0 
b77b6000-b77b7000 rw-p 00000000 00:00 0 
b77b7000-b77b8000 r--p 00000000 00:00 0 
b77b8000-b77c4000 r-xp 00000000 08:01 262201     /usr/lib/jvm/java-7-openjdk-i386/jre/lib/i386/jli/libjli.so
b77c4000-b77c5000 r--p 0000c000 08:01 262201     /usr/lib/jvm/java-7-openjdk-i386/jre/lib/i386/jli/libjli.so
b77c5000-b77c6000 rw-p 0000d000 08:01 262201     /usr/lib/jvm/java-7-openjdk-i386/jre/lib/i386/jli/libjli.so
b77c6000-b77c9000 rw-p 00000000 00:00 0 
b77c9000-b77ca000 r-xp 00000000 00:00 0          [vdso]
b77ca000-b77ea000 r-xp 00000000 08:01 3104       /lib/i386-linux-gnu/ld-2.19.so
b77ea000-b77eb000 r--p 0001f000 08:01 3104       /lib/i386-linux-gnu/ld-2.19.so
b77eb000-b77ec000 rw-p 00020000 08:01 3104       /lib/i386-linux-gnu/ld-2.19.so
bfccb000-bfccc000 rwxp 00000000 00:00 0 
bfcfe000-bfd1f000 rw-p 00000000 00:00 0          [stack]

VM Arguments:
jvm_args: -XX:MaxPermSize=128m -Xms1536M -Xmx1536M 
java_command: org.apache.spark.deploy.SparkSubmit --master local[*] --driver-memory 1536M --num-executors 12 --executor-cores 2 --executor-memory 1g pyspark-shell
Launcher Type: SUN_STANDARD

Environment Variables:
CLASSPATH=/usr/local/bin/spark-1.3.1-bin-hadoop2.6/conf:/usr/local/bin/spark-1.3.1-bin-hadoop2.6/lib/spark-assembly-1.3.1-hadoop2.6.0.jar:/usr/local/bin/spark-1.3.1-bin-hadoop2.6/lib/datanucleus-rdbms-3.2.9.jar:/usr/local/bin/spark-1.3.1-bin-hadoop2.6/lib/datanucleus-core-3.2.10.jar:/usr/local/bin/spark-1.3.1-bin-hadoop2.6/lib/datanucleus-api-jdo-3.2.6.jar
PATH=/bin:/sbin:/usr/bin:/usr/sbin:/usr/local/bin:/usr/local/sbin:/usr/local/bin/spark-1.3.1-bin-hadoop2.6/bin

Signal Handlers:
SIGSEGV: [libjvm.so+0x4e6c80], sa_mask[0]=0x7ffbfeff, sa_flags=0x10000004
SIGBUS: [libjvm.so+0x4e6c80], sa_mask[0]=0x7ffbfeff, sa_flags=0x10000004
SIGFPE: [libjvm.so+0x3c5720], sa_mask[0]=0x7ffbfeff, sa_flags=0x10000004
SIGPIPE: [libjvm.so+0x3c5720], sa_mask[0]=0x7ffbfeff, sa_flags=0x10000004
SIGXFSZ: [libjvm.so+0x3c5720], sa_mask[0]=0x7ffbfeff, sa_flags=0x10000004
SIGILL: [libjvm.so+0x3c5720], sa_mask[0]=0x7ffbfeff, sa_flags=0x10000004
SIGUSR1: SIG_DFL, sa_mask[0]=0x00000000, sa_flags=0x00000000
SIGUSR2: [libjvm.so+0x3c55b0], sa_mask[0]=0x00000000, sa_flags=0x10000004
SIGHUP: SIG_DFL, sa_mask[0]=0x00000000, sa_flags=0x00000000
SIGINT: SIG_IGN, sa_mask[0]=0x00000000, sa_flags=0x00000000
SIGTERM: SIG_DFL, sa_mask[0]=0x00000000, sa_flags=0x00000000
SIGQUIT: SIG_DFL, sa_mask[0]=0x00000000, sa_flags=0x00000000
SIGTRAP: SIG_DFL, sa_mask[0]=0x00000000, sa_flags=0x00000000


---------------  S Y S T E M  ---------------

OS:Ubuntu 14.04 (trusty)
uname:Linux 3.13.0-53-generic #89-Ubuntu SMP Wed May 20 10:34:28 UTC 2015 i686
libc:glibc 2.19 NPTL 2.19 
rlimit: STACK 8192k, CORE 0k, NPROC 16070, NOFILE 4096, AS infinity
load average:0.08 0.03 0.05

/proc/meminfo:
MemTotal:        2064260 kB
MemFree:          129248 kB
Buffers:           27048 kB
Cached:           466172 kB
SwapCached:            0 kB
Active:          1711416 kB
Inactive:         188108 kB
Active(anon):    1406452 kB
Inactive(anon):      252 kB
Active(file):     304964 kB
Inactive(file):   187856 kB
Unevictable:           0 kB
Mlocked:               0 kB
HighTotal:       1183688 kB
HighFree:          20564 kB
LowTotal:         880572 kB
LowFree:          108684 kB
SwapTotal:             0 kB
SwapFree:              0 kB
Dirty:               172 kB
Writeback:             0 kB
AnonPages:       1406348 kB
Mapped:            38388 kB
Shmem:               356 kB
Slab:              24372 kB
SReclaimable:      18396 kB
SUnreclaim:         5976 kB
KernelStack:        1408 kB
PageTables:         3836 kB
NFS_Unstable:          0 kB
Bounce:                0 kB
WritebackTmp:          0 kB
CommitLimit:     1032128 kB
Committed_AS:    2180080 kB
VmallocTotal:     122880 kB
VmallocUsed:       22508 kB
VmallocChunk:      97284 kB
HardwareCorrupted:     0 kB
AnonHugePages:   1193984 kB
HugePages_Total:       0
HugePages_Free:        0
HugePages_Rsvd:        0
HugePages_Surp:        0
Hugepagesize:       2048 kB
DirectMap4k:       20472 kB
DirectMap2M:      892928 kB


CPU:total 1 (1 cores per cpu, 1 threads per core) family 6 model 42 stepping 7, cmov, cx8, fxsr, mmx, sse, sse2, sse3, ssse3, tsc

/proc/cpuinfo:
processor	: 0
vendor_id	: GenuineIntel
cpu family	: 6
model		: 42
model name	: Intel(R) Core(TM) i5-2415M CPU @ 2.30GHz
stepping	: 7
cpu MHz		: 2298.693
cache size	: 6144 KB
physical id	: 0
siblings	: 1
core id		: 0
cpu cores	: 1
apicid		: 0
initial apicid	: 0
fdiv_bug	: no
f00f_bug	: no
coma_bug	: no
fpu		: yes
fpu_exception	: yes
cpuid level	: 5
wp		: yes
flags		: fpu vme de pse tsc msr pae mce cx8 apic sep mtrr pge mca cmov pat pse36 clflush mmx fxsr sse sse2 syscall nx rdtscp lm constant_tsc pni monitor ssse3 lahf_lm
bogomips	: 4597.38
clflush size	: 64
cache_alignment	: 64
address sizes	: 36 bits physical, 48 bits virtual
power management:



Memory: 4k page, physical 2064260k(129248k free), swap 0k(0k free)

vm_info: OpenJDK Client VM (24.79-b02) for linux-x86 JRE (1.7.0_79-b14), built on Apr 16 2015 08:27:14 by "buildd" with gcc 4.8.2

time: Mon Jun 22 02:42:24 2015
elapsed time: 0 seconds

